2024-06-18 11:17:04 +0800    2966 execution.flow     INFO     Start executing nodes in thread pool mode.
2024-06-18 11:17:04 +0800    2966 execution.flow     INFO     Start to run 11 nodes with concurrency level 16.
2024-06-18 11:17:04 +0800    2966 execution.flow     INFO     Executing node datetimeexamples. node run id: 0be0a2d2-6259-460d-8547-b9795b044e04_datetimeexamples_0
2024-06-18 11:17:04 +0800    2966 execution.flow     INFO     Executing node locationexamples. node run id: 0be0a2d2-6259-460d-8547-b9795b044e04_locationexamples_0
2024-06-18 11:17:04 +0800    2966 execution.flow     INFO     Node datetimeexamples completes.
2024-06-18 11:17:04 +0800    2966 execution.flow     INFO     Executing node objectexamples. node run id: 0be0a2d2-6259-460d-8547-b9795b044e04_objectexamples_0
2024-06-18 11:17:04 +0800    2966 execution.flow     INFO     Node locationexamples completes.
2024-06-18 11:17:04 +0800    2966 execution.flow     INFO     Executing node personexamples. node run id: 0be0a2d2-6259-460d-8547-b9795b044e04_personexamples_0
2024-06-18 11:17:04 +0800    2966 execution.flow     INFO     Node objectexamples completes.
2024-06-18 11:17:04 +0800    2966 execution.flow     INFO     Node personexamples completes.
2024-06-18 11:17:04 +0800    2966 execution.flow     INFO     Executing node eventexamples. node run id: 0be0a2d2-6259-460d-8547-b9795b044e04_eventexamples_0
2024-06-18 11:17:04 +0800    2966 execution.flow     INFO     Node eventexamples completes.
2024-06-18 11:17:04 +0800    2966 execution.flow     INFO     Executing node textualentailment. node run id: 0be0a2d2-6259-460d-8547-b9795b044e04_textualentailment_0
2024-06-18 11:17:04 +0800    2966 execution.flow     INFO     Executing node datetimechecking. node run id: 0be0a2d2-6259-460d-8547-b9795b044e04_datetimechecking_0
2024-06-18 11:17:04 +0800    2966 execution.flow     INFO     Node textualentailment completes.
2024-06-18 11:17:04 +0800    2966 execution.flow     INFO     Executing node eventchecking. node run id: 0be0a2d2-6259-460d-8547-b9795b044e04_eventchecking_0
2024-06-18 11:17:14 +0800    2966 execution.flow     INFO     Node eventchecking completes.
2024-06-18 11:17:42 +0800    2966 execution.flow     INFO     Node datetimechecking completes.
2024-06-18 11:17:42 +0800    2966 execution.flow     INFO     Executing node locationchecking. node run id: 0be0a2d2-6259-460d-8547-b9795b044e04_locationchecking_0
2024-06-18 11:18:17 +0800    2966 execution.flow     INFO     Node locationchecking completes.
2024-06-18 11:18:17 +0800    2966 execution.flow     INFO     Executing node objectchecking. node run id: 0be0a2d2-6259-460d-8547-b9795b044e04_objectchecking_0
2024-06-18 11:18:55 +0800    2966 execution.flow     INFO     Node objectchecking completes.
2024-06-18 11:18:55 +0800    2966 execution.flow     INFO     Executing node personchecking. node run id: 0be0a2d2-6259-460d-8547-b9795b044e04_personchecking_0
2024-06-18 11:19:51 +0800    2966 execution.flow     INFO     Node personchecking completes.
